c:\users\lee\documents\visual studio 2017\projects\project_n\debug\program.obj
c:\users\lee\documents\visual studio 2017\projects\project_n\debug\model.obj
c:\users\lee\documents\visual studio 2017\projects\project_n\debug\modelmesh.obj
c:\users\lee\documents\visual studio 2017\projects\project_n\debug\sky.obj
c:\users\lee\documents\visual studio 2017\projects\project_n\debug\cloud.obj
c:\users\lee\documents\visual studio 2017\projects\project_n\debug\water.obj
c:\users\lee\documents\visual studio 2017\projects\project_n\debug\enemymanager.obj
c:\users\lee\documents\visual studio 2017\projects\project_n\debug\monster.obj
c:\users\lee\documents\visual studio 2017\projects\project_n\debug\exemodel.obj
c:\users\lee\documents\visual studio 2017\projects\project_n\debug\plane.obj
c:\users\lee\documents\visual studio 2017\projects\project_n\debug\shadermanager.obj
c:\users\lee\documents\visual studio 2017\projects\project_n\debug\mini.obj
c:\users\lee\documents\visual studio 2017\projects\project_n\debug\actor.obj
c:\users\lee\documents\visual studio 2017\projects\project_n\debug\zquadtree.obj
c:\users\lee\documents\visual studio 2017\projects\project_n\debug\firstperson.obj
c:\users\lee\documents\visual studio 2017\projects\project_n\debug\momaterial.obj
c:\users\lee\documents\visual studio 2017\projects\project_n\debug\vertexlayouts.obj
c:\users\lee\documents\visual studio 2017\projects\project_n\debug\moboneweights.obj
c:\users\lee\documents\visual studio 2017\projects\project_n\debug\rendertarget.obj
c:\users\lee\documents\visual studio 2017\projects\project_n\debug\keyboard.obj
c:\users\lee\documents\visual studio 2017\projects\project_n\debug\camera.obj
c:\users\lee\documents\visual studio 2017\projects\project_n\debug\binmodel.obj
c:\users\lee\documents\visual studio 2017\projects\project_n\debug\modelanimationkeyframes.obj
c:\users\lee\documents\visual studio 2017\projects\project_n\debug\mokeyframe.obj
c:\users\lee\documents\visual studio 2017\projects\project_n\debug\string.obj
c:\users\lee\documents\visual studio 2017\projects\project_n\debug\moanimation.obj
c:\users\lee\documents\visual studio 2017\projects\project_n\debug\modelgruop.obj
c:\users\lee\documents\visual studio 2017\projects\project_n\debug\perlinnoise.obj
c:\users\lee\documents\visual studio 2017\projects\project_n\debug\exegui.obj
c:\users\lee\documents\visual studio 2017\projects\project_n\debug\cube.obj
c:\users\lee\documents\visual studio 2017\projects\project_n\debug\momodel.obj
c:\users\lee\documents\visual studio 2017\projects\project_n\debug\time.obj
c:\users\lee\documents\visual studio 2017\projects\project_n\debug\orthographic.obj
c:\users\lee\documents\visual studio 2017\projects\project_n\debug\modelmaterial.obj
c:\users\lee\documents\visual studio 2017\projects\project_n\debug\moloader.obj
c:\users\lee\documents\visual studio 2017\projects\project_n\debug\states.obj
c:\users\lee\documents\visual studio 2017\projects\project_n\debug\zfrustum.obj
c:\users\lee\documents\visual studio 2017\projects\project_n\debug\player.obj
c:\users\lee\documents\visual studio 2017\projects\project_n\debug\modelskeletonbone.obj
c:\users\lee\documents\visual studio 2017\projects\project_n\debug\mouse.obj
c:\users\lee\documents\visual studio 2017\projects\project_n\debug\cameramanager.obj
c:\users\lee\documents\visual studio 2017\projects\project_n\debug\modelanimation.obj
c:\users\lee\documents\visual studio 2017\projects\project_n\debug\domain.obj
c:\users\lee\documents\visual studio 2017\projects\project_n\debug\moskeletonbone.obj
c:\users\lee\documents\visual studio 2017\projects\project_n\debug\window.obj
c:\users\lee\documents\visual studio 2017\projects\project_n\debug\perspective.obj
c:\users\lee\documents\visual studio 2017\projects\project_n\debug\brush.obj
c:\users\lee\documents\visual studio 2017\projects\project_n\debug\blood.obj
c:\users\lee\documents\visual studio 2017\projects\project_n\debug\momodelmesh.obj
c:\users\lee\documents\visual studio 2017\projects\project_n\debug\d3d.obj
c:\users\lee\documents\visual studio 2017\projects\project_n\debug\fbxmodel.obj
c:\users\lee\documents\visual studio 2017\projects\project_n\debug\modelboneweights.obj
c:\users\lee\documents\visual studio 2017\projects\project_n\debug\moanimationcontroller.obj
c:\users\lee\documents\visual studio 2017\projects\project_n\debug\shader.obj
c:\users\lee\documents\visual studio 2017\projects\project_n\debug\path.obj
c:\users\lee\documents\visual studio 2017\projects\project_n\debug\texture.obj
c:\users\lee\documents\visual studio 2017\projects\project_n\debug\modelanimationcontroller.obj
c:\users\lee\documents\visual studio 2017\projects\project_n\debug\weapon.obj
c:\users\lee\documents\visual studio 2017\projects\project_n\debug\lightmanager.obj
c:\users\lee\documents\visual studio 2017\projects\project_n\debug\binaryfile.obj
c:\users\lee\documents\visual studio 2017\projects\project_n\debug\viewport.obj
c:\users\lee\documents\visual studio 2017\projects\project_n\debug\main.obj
c:\users\lee\documents\visual studio 2017\projects\project_n\debug\boss.obj
c:\users\lee\documents\visual studio 2017\projects\project_n\debug\modelskeleton.obj
c:\users\lee\documents\visual studio 2017\projects\project_n\debug\moskeleton.obj
c:\users\lee\documents\visual studio 2017\projects\project_n\debug\mesh.obj
c:\users\lee\documents\visual studio 2017\projects\project_n\debug\look.obj
c:\users\lee\documents\visual studio 2017\projects\project_n\debug\vc141.pdb
c:\users\lee\documents\visual studio 2017\projects\project_n\debug\project_n.pch
c:\users\lee\documents\visual studio 2017\projects\project_n\debug\vc141.idb
c:\users\lee\documents\visual studio 2017\projects\project_n\debug\stdafx.obj
c:\users\lee\documents\visual studio 2017\projects\project_n\debug\project_n.exe
c:\users\lee\documents\visual studio 2017\projects\project_n\debug\project_n.ilk
c:\users\lee\documents\visual studio 2017\projects\project_n\debug\project_n.pdb
c:\users\lee\documents\visual studio 2017\projects\project_n\debug\exemodel.obj.enc
c:\users\lee\documents\visual studio 2017\projects\project_n\debug\look.obj.enc
c:\users\lee\documents\visual studio 2017\projects\project_n\debug\monster.obj.enc
c:\users\lee\documents\visual studio 2017\projects\project_n\debug\shadermanager.obj.enc
c:\users\lee\documents\visual studio 2017\projects\project_n\debug\project_n.tlog\cl.command.1.tlog
c:\users\lee\documents\visual studio 2017\projects\project_n\debug\project_n.tlog\cl.read.1.tlog
c:\users\lee\documents\visual studio 2017\projects\project_n\debug\project_n.tlog\cl.write.1.tlog
c:\users\lee\documents\visual studio 2017\projects\project_n\debug\project_n.tlog\link.command.1.tlog
c:\users\lee\documents\visual studio 2017\projects\project_n\debug\project_n.tlog\link.read.1.tlog
c:\users\lee\documents\visual studio 2017\projects\project_n\debug\project_n.tlog\link.write.1.tlog
